# JRE version: OpenJDK Runtime Environment Temurin-23.0.2+7 (23.0.2+7) (build 23.0.2+7)
# Java VM: OpenJDK 64-Bit Server VM Temurin-23.0.2+7 (23.0.2+7, mixed mode, sharing, tiered, compressed oops, compressed class ptrs, g1 gc, windows-amd64)
GC Precious Log:
 CardTable entry size: 512
 Card Set container configuration: InlinePtr #cards 4 size 8 Array Of Cards #cards 16 size 48 Howl #buckets 8 coarsen threshold 3686 Howl Bitmap #cards 512 size 80 coarsen threshold 460 Card regions per heap region 1 cards per card region 4096
 CPUs: 16 total, 16 available
 Memory: 16115M
 Large Page Support: Disabled
 NUMA Support: Disabled
 Compressed Oops: Enabled (Zero based)
 Heap Region Size: 2M
 Heap Min Capacity: 8M
 Heap Initial Capacity: 252M
 Heap Max Capacity: 4030M
 Pre-touch: Disabled
 Parallel Workers: 13
 Concurrent Workers: 3
 Concurrent Refinement Workers: 13
 Periodic GC: Disabled
Heap:
 garbage-first heap   total reserved 4126720K, committed 55296K, used 22762K [0x0000000704200000, 0x0000000800000000)
  region size 2048K, 7 young (14336K), 1 survivors (2048K)
 Metaspace       used 27148K, committed 27584K, reserved 1114112K
  class space    used 3736K, committed 3968K, reserved 1048576K
GC Heap History (8 events):
Event: 0.642 GC heap before
{Heap before GC invocations=0 (full 0):
 garbage-first heap   total reserved 4126720K, committed 258048K, used 24576K [0x0000000704200000, 0x0000000800000000)
  region size 2048K, 12 young (24576K), 0 survivors (0K)
 Metaspace       used 3495K, committed 3712K, reserved 1114112K
  class space    used 369K, committed 512K, reserved 1048576K
}
Event: 0.644 GC heap after
{Heap after GC invocations=1 (full 0):
 garbage-first heap   total reserved 4126720K, committed 258048K, used 2475K [0x0000000704200000, 0x0000000800000000)
  region size 2048K, 2 young (4096K), 2 survivors (4096K)
 Metaspace       used 3495K, committed 3712K, reserved 1114112K
  class space    used 369K, committed 512K, reserved 1048576K
}
Event: 1.091 GC heap before
{Heap before GC invocations=1 (full 0):
 garbage-first heap   total reserved 4126720K, committed 258048K, used 29099K [0x0000000704200000, 0x0000000800000000)
  region size 2048K, 15 young (30720K), 2 survivors (4096K)
 Metaspace       used 8660K, committed 8896K, reserved 1114112K
  class space    used 1101K, committed 1216K, reserved 1048576K
}
Event: 1.095 GC heap after
{Heap after GC invocations=2 (full 0):
 garbage-first heap   total reserved 4126720K, committed 258048K, used 6300K [0x0000000704200000, 0x0000000800000000)
  region size 2048K, 2 young (4096K), 2 survivors (4096K)
 Metaspace       used 8660K, committed 8896K, reserved 1114112K
  class space    used 1101K, committed 1216K, reserved 1048576K
}
Event: 6.207 GC heap before
{Heap before GC invocations=2 (full 0):
 garbage-first heap   total reserved 4126720K, committed 258048K, used 59548K [0x0000000704200000, 0x0000000800000000)
  region size 2048K, 28 young (57344K), 2 survivors (4096K)
 Metaspace       used 19367K, committed 19648K, reserved 1114112K
  class space    used 2805K, committed 2944K, reserved 1048576K
}
Event: 6.212 GC heap after
{Heap after GC invocations=3 (full 0):
 garbage-first heap   total reserved 4126720K, committed 258048K, used 12918K [0x0000000704200000, 0x0000000800000000)
  region size 2048K, 4 young (8192K), 4 survivors (8192K)
 Metaspace       used 19367K, committed 19648K, reserved 1114112K
  class space    used 2805K, committed 2944K, reserved 1048576K
}
Event: 6.284 GC heap before
{Heap before GC invocations=3 (full 0):
 garbage-first heap   total reserved 4126720K, committed 258048K, used 19062K [0x0000000704200000, 0x0000000800000000)
  region size 2048K, 8 young (16384K), 4 survivors (8192K)
 Metaspace       used 21106K, committed 21504K, reserved 1114112K
  class space    used 2990K, committed 3136K, reserved 1048576K
}
Event: 6.289 GC heap after
{Heap after GC invocations=4 (full 0):
 garbage-first heap   total reserved 4126720K, committed 258048K, used 14570K [0x0000000704200000, 0x0000000800000000)
  region size 2048K, 1 young (2048K), 1 survivors (2048K)
 Metaspace       used 21106K, committed 21504K, reserved 1114112K
  class space    used 2990K, committed 3136K, reserved 1048576K
}

